{"level":"error","message":"Error get users with suggest"}
{"err":{},"level":"error","message":"can not bootstrap server"}
{"err":{},"level":"error","message":"can not bootstrap server"}
{"err":{},"level":"error","message":"can not bootstrap server"}
{"err":{},"method":"getAutoSuggest","params":{"loginSubstring":"","limit":""},"level":"error","message":"Error get users with suggest"}
{"err":{},"method":"getAutoSuggest","params":{"loginSubstring":"","limit":""},"level":"error","message":"Error get users with suggest"}
{"err":{},"method":"getAutoSuggest","params":{"loginSubstring":"s","limit":""},"level":"error","message":"Error get users with suggest"}
{"err":{},"method":"getAutoSuggest","params":{"loginSubstring":"r","limit":""},"level":"error","message":"Error get users with suggest"}
{"err":{},"method":"getAutoSuggest","params":{"loginSubstring":"r","limit":""},"level":"error","message":"Error get users with suggest"}
{"err":{},"method":"getAutoSuggest","params":{"loginSubstring":"r","limit":""},"level":"error","message":"Error get users with suggest"}
{"err":{},"method":"getAutoSuggest","params":{"loginSubstring":"","limit":""},"level":"error","message":"Error get users with suggest"}
{"err":{},"method":"getAutoSuggest","params":{"limit":""},"level":"error","message":"Error get users with suggest"}
{"err":{},"method":"getAutoSuggest","params":{"loginSubstring":"","limit":"3"},"level":"error","message":"Error get users with suggest"}
{"err":{},"method":"getAutoSuggest","params":{"loginSubstring":"Alex","limit":"3"},"level":"error","message":"Error get users with suggest"}
{"err":{},"method":"getAutoSuggest","params":{"loginSubstring":"\"Alex\"","limit":"3"},"level":"error","message":"Error get users with suggest"}
{"err":{},"method":"getAutoSuggest","params":{"loginSubstring":"\"Alex\"","limit":"3"},"level":"error","message":"Error get users with suggest"}
{"err":{},"method":"getAutoSuggest","params":{"loginSubstring":"\"Alex\"","limit":"3"},"level":"error","message":"Error get users with suggest"}
{"err":{},"method":"getAutoSuggest","params":{"loginSubstring":"Alex","limit":"3"},"level":"error","message":"Error get users with suggest"}
{"err":{},"method":"getAutoSuggest","params":{"loginSubstring":"Alex","limit":"3"},"level":"error","message":"Error get users with suggest"}
{"err":{"name":"SequelizeDatabaseError","parent":{"name":"error","length":92,"severity":"ERROR","code":"22P02","position":"848","file":"int8.c","line":"126","routine":"scanint8","sql":"SELECT \"UserModel\".\"id\", \"UserModel\".\"login\", \"UserModel\".\"password\", \"UserModel\".\"age\", \"GroupModels\".\"id\" AS \"GroupModels.id\", \"GroupModels\".\"name\" AS \"GroupModels.name\", \"GroupModels\".\"permissions\" AS \"GroupModels.permissions\", \"GroupModels->user-group\".\"createdAt\" AS \"GroupModels.user-group.createdAt\", \"GroupModels->user-group\".\"updatedAt\" AS \"GroupModels.user-group.updatedAt\", \"GroupModels->user-group\".\"UserModelId\" AS \"GroupModels.user-group.UserModelId\", \"GroupModels->user-group\".\"GroupModelId\" AS \"GroupModels.user-group.GroupModelId\" FROM \"users\" AS \"UserModel\" LEFT OUTER JOIN ( \"user-group\" AS \"GroupModels->user-group\" INNER JOIN \"groups\" AS \"GroupModels\" ON \"GroupModels\".\"id\" = \"GroupModels->user-group\".\"GroupModelId\") ON \"UserModel\".\"id\" = \"GroupModels->user-group\".\"UserModelId\" WHERE \"UserModel\".\"login\" ILIKE '%leX%' LIMIT '';"},"original":{"name":"error","length":92,"severity":"ERROR","code":"22P02","position":"848","file":"int8.c","line":"126","routine":"scanint8","sql":"SELECT \"UserModel\".\"id\", \"UserModel\".\"login\", \"UserModel\".\"password\", \"UserModel\".\"age\", \"GroupModels\".\"id\" AS \"GroupModels.id\", \"GroupModels\".\"name\" AS \"GroupModels.name\", \"GroupModels\".\"permissions\" AS \"GroupModels.permissions\", \"GroupModels->user-group\".\"createdAt\" AS \"GroupModels.user-group.createdAt\", \"GroupModels->user-group\".\"updatedAt\" AS \"GroupModels.user-group.updatedAt\", \"GroupModels->user-group\".\"UserModelId\" AS \"GroupModels.user-group.UserModelId\", \"GroupModels->user-group\".\"GroupModelId\" AS \"GroupModels.user-group.GroupModelId\" FROM \"users\" AS \"UserModel\" LEFT OUTER JOIN ( \"user-group\" AS \"GroupModels->user-group\" INNER JOIN \"groups\" AS \"GroupModels\" ON \"GroupModels\".\"id\" = \"GroupModels->user-group\".\"GroupModelId\") ON \"UserModel\".\"id\" = \"GroupModels->user-group\".\"UserModelId\" WHERE \"UserModel\".\"login\" ILIKE '%leX%' LIMIT '';"},"sql":"SELECT \"UserModel\".\"id\", \"UserModel\".\"login\", \"UserModel\".\"password\", \"UserModel\".\"age\", \"GroupModels\".\"id\" AS \"GroupModels.id\", \"GroupModels\".\"name\" AS \"GroupModels.name\", \"GroupModels\".\"permissions\" AS \"GroupModels.permissions\", \"GroupModels->user-group\".\"createdAt\" AS \"GroupModels.user-group.createdAt\", \"GroupModels->user-group\".\"updatedAt\" AS \"GroupModels.user-group.updatedAt\", \"GroupModels->user-group\".\"UserModelId\" AS \"GroupModels.user-group.UserModelId\", \"GroupModels->user-group\".\"GroupModelId\" AS \"GroupModels.user-group.GroupModelId\" FROM \"users\" AS \"UserModel\" LEFT OUTER JOIN ( \"user-group\" AS \"GroupModels->user-group\" INNER JOIN \"groups\" AS \"GroupModels\" ON \"GroupModels\".\"id\" = \"GroupModels->user-group\".\"GroupModelId\") ON \"UserModel\".\"id\" = \"GroupModels->user-group\".\"UserModelId\" WHERE \"UserModel\".\"login\" ILIKE '%leX%' LIMIT '';"},"method":"getAutoSuggest","params":{"loginSubstring":"leX","limit":""},"level":"error","message":"Error get users with suggest"}
